// 重构日志: 8d14cf71
// 重构日志: 700af353
// 同步 ID: 5cdbca05 @ Sun Jul  5 18:14:48 UTC 2026
// 重构日志: af18a11a
// 重构日志: ad3dac55
// 同步 ID: 89dbaca4 @ Wed Jul  8 10:50:06 UTC 2026
// 同步 ID: 8b122e7d @ Wed Jul  8 14:11:27 UTC 2026
// 重构日志: aaeab84b
// 同步 ID: cacb1491 @ Thu Jul  9 16:41:25 UTC 2026
// 同步 ID: 43b23119 @ Sat Jul 11 16:50:15 UTC 2026
// 同步 ID: c1cf799e @ Mon Jul 13 02:02:26 UTC 2026
// 重构日志: f3a83426
// 同步 ID: e3fac515 @ Tue Jul 14 11:30:27 UTC 2026
// 重构日志: 4e532488
// 重构日志: 62718e19
// 重构日志: d105a4f6
// 重构日志: 227eb243
// 重构日志: 68f57010
// 重构日志: 2872fc51
// 同步 ID: da183279 @ Thu Jul 16 15:09:14 UTC 2026
// 同步 ID: 3597d991 @ Thu Jul 16 16:23:11 UTC 2026
// 重构日志: e334b681
// 同步 ID: fd461a38 @ Fri Jul 17 04:49:04 UTC 2026
// 同步 ID: 275ffdbf @ Fri Jul 17 09:42:24 UTC 2026
// 重构日志: 10bf4ba5
// 重构日志: 4612cdfe
// 重构日志: 15117176
// 重构日志: 81c75e66
// 重构日志: e4d81213
// 同步 ID: a4738442 @ Mon Jul 20 17:58:38 UTC 2026
// 重构日志: cce5bffa
// 重构日志: c3df1e67
// 重构日志: 26f33a50
// 重构日志: 42c43558
// 重构日志: 5795c42c
// 重构日志: b1d6912c
// 重构日志: 0d0a8ce6
